 ************************************************************************
 **                                                                    **
 **                                                                    **
 **                    Altair OptiStruct(TM) 2019.1                    **
 **                                                                    **
 **             Advanced Engineering Analysis, Design and              **
 **        Optimization Software from Altair Engineering, Inc.         **
 **                                                                    **
 **                                                                    **
 **             Windows 10  (Build 9200)  LAPTOP-H5REUNLN              **
 **         4 CPU:  Intel(R) Core(TM) i5-7300HQ CPU @ 2.50GHz          **
 **                    2762 MB RAM,  15252 MB swap                     **
 **                        64bit Integer Build                         **
 **                                                                    **
 ** Build: 0972633_9633191_Ce64RBW68UH14M:162557-100  2004004000000004 **
 ************************************************************************
 **  COPYRIGHT (C) 1996-2019                 Altair Engineering, Inc.  **
 ** All Rights Reserved.  Copyright notice does not imply publication. **
 **         Contains trade secrets of Altair Engineering, Inc.         **
 ** Decompilation or disassembly of this software strictly prohibited. **
 ************************************************************************
 
  
 *** OptiStruct defaults set from:
   install config file: C:\Program Files\Altair\2019\/hwsolvers/optistruct.cfg.
  
  
 NOTE # 9199
 MSGLMT=STRICT is active, all messages will be printed.
 You can suppress some less important warning messages by use of
  MSGLMT=BRIEF or UNREF (in config file or in the input data).
  
  
  
 *** WARNING # 1528
 for material id = 1 referenced from property id = 1.
 Zero value of G calculated from E and Nu for MAT1 referenced from PSHELL MID3.
 This will be interpreted as no transverse shear deformation.
  
 *** WARNING: The amount of allocated memory exceeds available RAM - this
may cause significant slowing down of solution progress due to the swapping
out memory to the swap file. It is recommended to use out-of-core
solution to reduce memory requirements.
  
 

************************************************************************

OPTIMIZATION FILE AND PARAMETER INFORMATION :
---------------------------------------------

  FEM model file               : 
     C:/Users/raghe/Google Drive (s265776polito@gmail.com)/M2/Spring/Car Body Design & Aerodynamics/Car Body Design/Exercise/Exercise 2/CoLo/Hyp/CoLoHYP.fem
  Output files prefix          : 
     C:/Users/raghe/Google Drive (s265776polito@gmail.com)/M2/Spring/Car Body Design & Aerodynamics/Car Body Design/Exercise/Exercise 2/CoLo/Hyp/CoLoHYP
  Model read from files:
     C:/Users/raghe/Google Drive (s265776polito@gmail.com)/M2/Spring/Car Body Design & Aerodynamics/Car Body Design/Exercise/Exercise 2/CoLo/Hyp/CoLoHYP.fem

************************************************************************

 

************************************************************************

FINITE ELEMENT MODEL DATA INFORMATION :
---------------------------------------

  Total # of Grids (Structural)        :    152461
  Total # of Elements                  :    153025
  Total # of Rigid Elements            :         1
  Total # of Rigid Element Constraints :         6
  Total # of Degrees of Freedom        :    914466
  (Structural)
  Total # of Non-zero Stiffness Terms  :  25121439

 
  Element Type Information
  ------------------------

   CQUAD4   Elements   :   151911     
   CTRIA3   Elements   :     1114     

  Load and Boundary Information
  -----------------------------

   FORCE Sets        :         1
   SPC   Sets        :         1

  Material and Property Information
  ---------------------------------

   PSHELL Cards      :         1
   MAT1   Cards      :         1

************************************************************************

 

************************************************************************

OPTIMIZATION PROBLEM PARAMETERS :
---------------------------------

 NO DESIGN MATERIAL OR DESIGN VARIABLES FOUND  : ANALYSIS ONLY

   ------------------------
   Static Subcase Summary :
   ------------------------

   ----------   --------  -------  --------------------- 
   Subcase ID    SPC ID   LOAD ID  Preloading Subcase ID
   ----------   --------  -------  --------------------- 
        1            2          1
   ----------   --------  -------  --------------------- 

   Run Type                        :   Analysis Only (No design elements)
   Run at location                 : C:/Users/raghe/Google Drive (s265776polito@gmail.com)/M2/Spring/Car Body Design & Aerodynamics/Car Body Design/Exercise/Exercise 2/CoLo/Hyp/
   Scratch file directory          : C:/Users/raghe/Google Drive (s265776polito@gmail.com)/M2/Spring/Car Body Design & Aerodynamics/Car Body Design/Exercise/Exercise 2/CoLo/Hyp/
                                     Free space:   116.135 GB
   Number of CPU processors        :          1


************************************************************************

 

************************************************************************

MEMORY ESTIMATION INFORMATION :
-------------------------------

 Solver Type is:  Sparse-Matrix Solver
                  Direct Method
 
 Current Memory (RAM)                                    :    3722 MB
 Estimated Minimum Memory (RAM) for Out of Core Solution :     781 MB
 Recommended Memory (RAM) for Out of Core Solution       :     867 MB
 Recommended Memory (RAM) for In-Core Solution           :    3722 MB
 
DISK SPACE ESTIMATION INFORMATION :
-----------------------------------

 Estimated Disk Space for Output Data Files              :      64 MB
 Estimated Scratch Disk Space for In-Core Solution       :     822 MB
 Estimated Scratch Disk Space for Out of Core Solution   :    4557 MB

************************************************************************


BEGINNING ANALYSIS SOLUTION ....


************************************************************************

ANALYSIS RESULTS :
------------------

  
ITERATION   0
  
 *** INFORMATION # 3454
 MPC constraints for subcase 1 will be enforced 
 with lagrange multipliers.
  
 (Scratch disk space usage for starting iteration = 857 MB)
(Running in-core solution)

Volume                              =  3.77602E+06   Mass     =  0.00000E+00

 Subcase   Compliance     Epsilon
       1  1.381631E+02  2.328051E-09

Note : Epsilon = Residual Strain Energy Ratio.


************************************************************************
  
 ANALYSIS COMPLETED.
  

************************************************************************

RESOURCE USAGE INFORMATION
--------------------------

 MAXIMUM MEMORY USED                                      3722 MB
   IN ADDITION     47 MB MEMORY WAS ALLOCATED FOR TEMPORARY USE
 MAXIMUM DISK SPACE USED                                  1384 MB

************************************************************************


************************************************************************

COMPUTE TIME INFORMATION
------------------------

 EXECUTION STARTED                         Sun May 17 18:34:37 2020    
 EXECUTION COMPLETED                       Sun May 17 18:35:18 2020    
 ELAPSED TIME                                         00:00:40
 CPU TIME                                             00:00:38

************************************************************************

  
                        ***** END OF REPORT *****
  
 For Useful OptiStruct Tips and Tricks, go to the URL:
 http://www.altairhyperworks.com/tips.aspx
