 ************************************************************************
 **                                                                    **
 **                                                                    **
 **                    Altair OptiStruct(TM) 2019.1                    **
 **                                                                    **
 **             Advanced Engineering Analysis, Design and              **
 **        Optimization Software from Altair Engineering, Inc.         **
 **                                                                    **
 **                                                                    **
 **             Windows 10  (Build 9200)  LAPTOP-H5REUNLN              **
 **         4 CPU:  Intel(R) Core(TM) i5-7300HQ CPU @ 2.50GHz          **
 **                    2446 MB RAM,  16265 MB swap                     **
 **                        64bit Integer Build                         **
 **                                                                    **
 ** Build: 0972633_9633191_Ce64RBW68UH14M:162557-100  2004004000000004 **
 ************************************************************************
 **  COPYRIGHT (C) 1996-2019                 Altair Engineering, Inc.  **
 ** All Rights Reserved.  Copyright notice does not imply publication. **
 **         Contains trade secrets of Altair Engineering, Inc.         **
 ** Decompilation or disassembly of this software strictly prohibited. **
 ************************************************************************
 
  
 *** OptiStruct defaults set from:
   install config file: C:\Program Files\Altair\2019\/hwsolvers/optistruct.cfg.
  
  
 NOTE # 9199
 MSGLMT=STRICT is active, all messages will be printed.
 You can suppress some less important warning messages by use of
  MSGLMT=BRIEF or UNREF (in config file or in the input data).
  
 *** WARNING: The amount of allocated memory exceeds available RAM - this
may cause significant slowing down of solution progress due to the swapping
out memory to the swap file. It is recommended to use out-of-core
solution to reduce memory requirements.
  
  
  
  
 *** WARNING # 1528
 for material id = 1 referenced from property id = 1.
 Zero value of G calculated from E and Nu for MAT1 referenced from PSHELL MID3.
 This will be interpreted as no transverse shear deformation.
  
 *** WARNING: The amount of allocated memory exceeds available RAM - this
may cause significant slowing down of solution progress due to the swapping
out memory to the swap file. It is recommended to use out-of-core
solution to reduce memory requirements.
  


  Dependent degrees-of-freedom (DOF) swapped by activation of AUTOMSET
  --------------------------------------------------------------------
       No.         Original DOF                    New DOF
                 Grid ID    Component          Grid ID    Component
         1        703625            3           402437            3
         2        703626            1           505855            1
         3        703626            3           505855            3
         4        703627            1           304478            1
         5        703627            2           304478            2
         6        703627            3           303421            3
  --------------------------------------------------------------------


  
 *** WARNING: The amount of allocated memory exceeds available RAM - this
may cause significant slowing down of solution progress due to the swapping
out memory to the swap file. It is recommended to use out-of-core
solution to reduce memory requirements.
  
  
 *** WARNING: The amount of allocated memory exceeds available RAM - this
may cause significant slowing down of solution progress due to the swapping
out memory to the swap file. It is recommended to use out-of-core
solution to reduce memory requirements.
  
 

************************************************************************

OPTIMIZATION FILE AND PARAMETER INFORMATION :
---------------------------------------------

  FEM model file               : 
     C:/Users/raghe/Google Drive (s265776polito@gmail.com)/M2/Spring/Car Body Design & Aerodynamics/Car Body Design/Exercise/Exercise 2/CcLo/Hyp - 1F 2nd/CcLoHYP.fem
  Output files prefix          : 
     C:/Users/raghe/Google Drive (s265776polito@gmail.com)/M2/Spring/Car Body Design & Aerodynamics/Car Body Design/Exercise/Exercise 2/CcLo/Hyp - 1F 2nd/CcLoHYP
  Model read from files:
     C:/Users/raghe/Google Drive (s265776polito@gmail.com)/M2/Spring/Car Body Design & Aerodynamics/Car Body Design/Exercise/Exercise 2/CcLo/Hyp - 1F 2nd/CcLoHYP.fem

************************************************************************

 

************************************************************************

FINITE ELEMENT MODEL DATA INFORMATION :
---------------------------------------

  Total # of Grids (Structural)        :    703592
  Total # of Elements                  :    351806
  Total # of Rigid Elements            :         4
  Total # of Rigid Element Constraints :        24
  Total # of Degrees of Freedom        :   4221552
  (Structural)
  Total # of Non-zero Stiffness Terms  : 147758388

 
  Element Type Information
  ------------------------

   CTRIA6   Elements   :   351806     

  Load and Boundary Information
  -----------------------------

   FORCE Sets        :         1
   SPC   Sets        :         1

  Material and Property Information
  ---------------------------------

   PSHELL Cards      :         1
   MAT1   Cards      :         1

************************************************************************

 

************************************************************************

OPTIMIZATION PROBLEM PARAMETERS :
---------------------------------

 NO DESIGN MATERIAL OR DESIGN VARIABLES FOUND  : ANALYSIS ONLY

   ------------------------
   Static Subcase Summary :
   ------------------------

   ----------   --------  -------  --------------------- 
   Subcase ID    SPC ID   LOAD ID  Preloading Subcase ID
   ----------   --------  -------  --------------------- 
        1            2          1
   ----------   --------  -------  --------------------- 

   Run Type                        :   Analysis Only (No design elements)
   Run at location                 : C:/Users/raghe/Google Drive (s265776polito@gmail.com)/M2/Spring/Car Body Design & Aerodynamics/Car Body Design/Exercise/Exercise 2/CcLo/Hyp - 1F 2nd/
   Scratch file directory          : C:/Users/raghe/Google Drive (s265776polito@gmail.com)/M2/Spring/Car Body Design & Aerodynamics/Car Body Design/Exercise/Exercise 2/CcLo/Hyp - 1F 2nd/
                                     Free space:   117.578 GB
   Number of CPU processors        :          1


************************************************************************

 

************************************************************************

MEMORY ESTIMATION INFORMATION :
-------------------------------

 Solver Type is:  Sparse-Matrix Solver
                  Direct Method
 
 Current Memory (RAM)                                    :    4424 MB
 Estimated Minimum Memory (RAM) for Out of Core Solution :    3954 MB
 Recommended Memory (RAM) for Out of Core Solution       :    4424 MB
 Recommended Memory (RAM) for In-Core Solution           :   23271 MB
 
DISK SPACE ESTIMATION INFORMATION :
-----------------------------------

 Estimated Disk Space for Output Data Files              :     154 MB
 Estimated Scratch Disk Space for In-Core Solution       :    4797 MB
 Estimated Scratch Disk Space for Out of Core Solution   :   29397 MB

************************************************************************


BEGINNING ANALYSIS SOLUTION ....


************************************************************************

ANALYSIS RESULTS :
------------------

  
ITERATION   0
  
 Element # 12086, element type TRIA6.
 WARNING - Outside of recommended range: Vertex Angle =    14.718    
           lower limit =    15.000    
  
 Element # 12093, element type TRIA6.
 WARNING - Outside of recommended range: Vertex Angle =    12.470    
           lower limit =    15.000    
  
 Element # 17871, element type TRIA6.
 WARNING - Outside of recommended range: Vertex Angle =    14.737    
           lower limit =    15.000    

 NOTE : other similar error/warning messages were suppressed,
        use PARAM,CHECKEL,FULL to obtain full report


 Element Quality Check Summary
 -----------------------------
 Total # of elements that exceeded recommended range (warning) =  4467
 Note: Only element with the highest violation of each check is listed below.

 Recommended range violations:
 ------------------------------------------------------------------------------
 Element     Property          # of     Recommended Range    Max.  Viol.  Elem.
                               Viol.     Lower     Upper    Value  type    No.
 ------- ------------------- -------- --------- --------- --------- --- -------
 TRIA6   Vertex Angle            4467     15.00    165.00     10.80  L    24458
 
  
 *** INFORMATION # 3454
 MPC constraints for subcase 1 will be enforced 
 with lagrange multipliers.
  
 List of Auto-SPC d.o.f.s for loadcase   1
 Total number of Auto-SPC d.o.f.s = 569284
  
 		------------------------------
 		  Grid No.         Component
 		------------------------------
                          9                 6
                       1421                 6
                       1525                 6
                       1575             4
                       1576             4
                       1577             4
                       1578             4
                       1579             4
                       1580             4
                       1581             4
                       1582             4
                       1583             4
                       1584             4
                       1585             4
                       1586             4
                       1587             4
                       1588             4
                       1589             4
                       1590             4
                       1591             4
                       1592             4
                       1593             4
                       1594             4
                       1595             4
                       1596             4
                       1597             4
                       1598             4
                       1599             4
                       1600             4
                       1601             4
                       1602             4
                       1603             4
                       1604             4
                       1605             4
                       1606             4
                       1607             4
                       1608             4
                       1609             4
                       1610             4
                       1611             4
                       1612             4
                       1613             4
                       1614             4
                       1615             4
                       1616             4
                       1617             4
                       1618             4
                       1619             4
                       1620             4
                       1621             4
                       1622             4
                       1623             4
                       1624             4
                       1625             4
                       1626             4
                       1627             4
                       1628             4
                       1629             4
                       1630             4
                       1631             4
                       1632             4
                       1633             4
                       1634             4
                       1635             4
                       1636             4
                       1637             4
                       1638             4
                       1639             4
                       1640             4
                       1641             4
                       1642             4
                       1643             4
                       1644             4
                       1645             4
                       1646             4
                       1647             4
                       1648             4
                       1649             4
                       1650             4
                       1651             4
                       1652             4
                       1653             4
                       1654             4
                       1655             4
                       1656             4
                       1657             4
                       1658             4
                       1659             4
                       1660             4
                       1661             4
                       1662             4
                       1663             4
                       1664             4
                       1665             4
                       1666             4
                       1667             4
                       1668             4
                       1669             4
                       1670             4
                       1671             4
 		------------------------------
  
	Because of PARAM, PRGPST, 100, Auto-SPC printing is limited to 100 dofs.
  
  
 (Scratch disk space usage for starting iteration = 22922 MB)
(Running out-of-core solution)

Volume                              =  4.34460E+06   Mass     =  0.00000E+00

 Subcase   Compliance     Epsilon
       1  1.317509E+03  1.553418E-06

Note : Epsilon = Residual Strain Energy Ratio.


************************************************************************
  
 ANALYSIS COMPLETED.
  

************************************************************************

RESOURCE USAGE INFORMATION
--------------------------

 MAXIMUM MEMORY USED                                      4424 MB
   IN ADDITION    258 MB MEMORY WAS ALLOCATED FOR TEMPORARY USE
 MAXIMUM DISK SPACE USED                                 26951 MB

************************************************************************


************************************************************************

COMPUTE TIME INFORMATION
------------------------

 EXECUTION STARTED                         Wed May 20 17:57:55 2020    
 EXECUTION COMPLETED                       Wed May 20 18:05:11 2020    
 ELAPSED TIME                                         00:07:15
 CPU TIME                                             00:05:44

************************************************************************

  
                        ***** END OF REPORT *****
  
 For Useful OptiStruct Tips and Tricks, go to the URL:
 http://www.altairhyperworks.com/tips.aspx
