 ************************************************************************
 **                                                                    **
 **                                                                    **
 **                    Altair OptiStruct(TM) 2019.1                    **
 **                                                                    **
 **             Advanced Engineering Analysis, Design and              **
 **        Optimization Software from Altair Engineering, Inc.         **
 **                                                                    **
 **                                                                    **
 **             Windows 10  (Build 9200)  LAPTOP-H5REUNLN              **
 **         4 CPU:  Intel(R) Core(TM) i5-7300HQ CPU @ 2.50GHz          **
 **                    2259 MB RAM,  15778 MB swap                     **
 **                        64bit Integer Build                         **
 **                                                                    **
 ** Build: 0972633_9633191_Ce64RBW68UH14M:162557-100  2004004000000004 **
 ************************************************************************
 **  COPYRIGHT (C) 1996-2019                 Altair Engineering, Inc.  **
 ** All Rights Reserved.  Copyright notice does not imply publication. **
 **         Contains trade secrets of Altair Engineering, Inc.         **
 ** Decompilation or disassembly of this software strictly prohibited. **
 ************************************************************************
 
  
 *** OptiStruct defaults set from:
   install config file: C:\Program Files\Altair\2019\/hwsolvers/optistruct.cfg.
  
  
 NOTE # 9199
 MSGLMT=STRICT is active, all messages will be printed.
 You can suppress some less important warning messages by use of
  MSGLMT=BRIEF or UNREF (in config file or in the input data).
  
  
  
 *** WARNING # 1528
 for material id = 1 referenced from property id = 1.
 Zero value of G calculated from E and Nu for MAT1 referenced from PSHELL MID3.
 This will be interpreted as no transverse shear deformation.


  Dependent degrees-of-freedom (DOF) swapped by activation of AUTOMSET
  --------------------------------------------------------------------
       No.         Original DOF                    New DOF
                 Grid ID    Component          Grid ID    Component
         1        220410            3           146042            3
         2        220411            1           171964            1
         3        220411            3           171964            3
         4        220412            1           121280            1
         5        220412            2           121280            2
         6        220412            3           121280            3
  --------------------------------------------------------------------


  
 *** WARNING: The amount of allocated memory exceeds available RAM - this
may cause significant slowing down of solution progress due to the swapping
out memory to the swap file. It is recommended to use out-of-core
solution to reduce memory requirements.
  
 

************************************************************************

OPTIMIZATION FILE AND PARAMETER INFORMATION :
---------------------------------------------

  FEM model file               : 
     C:/Users/raghe/Google Drive (s265776polito@gmail.com)/M2/Spring/Car Body Design & Aerodynamics/Car Body Design/Exercise/Exercise 2/CcLo/Hyp - 1F 1st/CcLoHYP.fem
  Output files prefix          : 
     C:/Users/raghe/Google Drive (s265776polito@gmail.com)/M2/Spring/Car Body Design & Aerodynamics/Car Body Design/Exercise/Exercise 2/CcLo/Hyp - 1F 1st/CcLoHYP
  Model read from files:
     C:/Users/raghe/Google Drive (s265776polito@gmail.com)/M2/Spring/Car Body Design & Aerodynamics/Car Body Design/Exercise/Exercise 2/CcLo/Hyp - 1F 1st/CcLoHYP.fem

************************************************************************

 

************************************************************************

FINITE ELEMENT MODEL DATA INFORMATION :
---------------------------------------

  Total # of Grids (Structural)        :    175872
  Total # of Elements                  :    351792
  Total # of Rigid Elements            :         4
  Total # of Rigid Element Constraints :        24
  Total # of Degrees of Freedom        :   1055232
  (Structural)
  Total # of Non-zero Stiffness Terms  :  22690080

 
  Element Type Information
  ------------------------

   CTRIA3   Elements   :   351792     

  Load and Boundary Information
  -----------------------------

   FORCE Sets        :         1
   SPC   Sets        :         1

  Material and Property Information
  ---------------------------------

   PSHELL Cards      :         1
   MAT1   Cards      :         1

************************************************************************

 

************************************************************************

OPTIMIZATION PROBLEM PARAMETERS :
---------------------------------

 NO DESIGN MATERIAL OR DESIGN VARIABLES FOUND  : ANALYSIS ONLY

   ------------------------
   Static Subcase Summary :
   ------------------------

   ----------   --------  -------  --------------------- 
   Subcase ID    SPC ID   LOAD ID  Preloading Subcase ID
   ----------   --------  -------  --------------------- 
        1            2          1
   ----------   --------  -------  --------------------- 

   Run Type                        :   Analysis Only (No design elements)
   Run at location                 : C:/Users/raghe/Google Drive (s265776polito@gmail.com)/M2/Spring/Car Body Design & Aerodynamics/Car Body Design/Exercise/Exercise 2/CcLo/Hyp - 1F 1st/
   Scratch file directory          : C:/Users/raghe/Google Drive (s265776polito@gmail.com)/M2/Spring/Car Body Design & Aerodynamics/Car Body Design/Exercise/Exercise 2/CcLo/Hyp - 1F 1st/
                                     Free space:   123.528 GB
   Number of CPU processors        :          1


************************************************************************

 

************************************************************************

MEMORY ESTIMATION INFORMATION :
-------------------------------

 Solver Type is:  Sparse-Matrix Solver
                  Direct Method
 
 Current Memory (RAM)                                    :    4021 MB
 Estimated Minimum Memory (RAM) for Out of Core Solution :     884 MB
 Recommended Memory (RAM) for Out of Core Solution       :     968 MB
 Recommended Memory (RAM) for In-Core Solution           :    4021 MB
 
DISK SPACE ESTIMATION INFORMATION :
-----------------------------------

 Estimated Disk Space for Output Data Files              :     138 MB
 Estimated Scratch Disk Space for In-Core Solution       :     756 MB
 Estimated Scratch Disk Space for Out of Core Solution   :    4771 MB

************************************************************************


BEGINNING ANALYSIS SOLUTION ....


************************************************************************

ANALYSIS RESULTS :
------------------

  
ITERATION   0
  
 Element # 101224, element type TRIA3.
 WARNING - Outside of recommended range: Vertex Angle =    13.965    
           lower limit =    15.000    
  
 Element # 107008, element type TRIA3.
 WARNING - Outside of recommended range: Vertex Angle =    14.735    
           lower limit =    15.000    
  
 Element # 107023, element type TRIA3.
 WARNING - Outside of recommended range: Vertex Angle =    12.497    
           lower limit =    15.000    

 NOTE : other similar error/warning messages were suppressed,
        use PARAM,CHECKEL,FULL to obtain full report


 Element Quality Check Summary
 -----------------------------
 Total # of elements that exceeded recommended range (warning) =  4465
 Note: Only element with the highest violation of each check is listed below.

 Recommended range violations:
 ------------------------------------------------------------------------------
 Element     Property          # of     Recommended Range    Max.  Viol.  Elem.
                               Viol.     Lower     Upper    Value  type    No.
 ------- ------------------- -------- --------- --------- --------- --- -------
 TRIA3   Vertex Angle            4465     15.00    165.00     10.80  L   113593
 
  
 *** INFORMATION # 3454
 MPC constraints for subcase 1 will be enforced 
 with lagrange multipliers.
  
 (Scratch disk space usage for starting iteration = 791 MB)
(Running in-core solution)

Volume                              =  4.34318E+06   Mass     =  0.00000E+00

 Subcase   Compliance     Epsilon
       1  1.351177E+03  4.526685E-08

Note : Epsilon = Residual Strain Energy Ratio.


************************************************************************
  
 ANALYSIS COMPLETED.
  

************************************************************************

RESOURCE USAGE INFORMATION
--------------------------

 MAXIMUM MEMORY USED                                      4021 MB
   IN ADDITION     46 MB MEMORY WAS ALLOCATED FOR TEMPORARY USE
 MAXIMUM DISK SPACE USED                                  1307 MB

************************************************************************


************************************************************************

COMPUTE TIME INFORMATION
------------------------

 EXECUTION STARTED                         Wed May 20 17:36:07 2020    
 EXECUTION COMPLETED                       Wed May 20 17:37:10 2020    
 ELAPSED TIME                                         00:01:03
 CPU TIME                                             00:00:54

************************************************************************

  
                        ***** END OF REPORT *****
  
 For Useful OptiStruct Tips and Tricks, go to the URL:
 http://www.altairhyperworks.com/tips.aspx
