 ************************************************************************
 **                                                                    **
 **                                                                    **
 **                    Altair OptiStruct(TM) 2019.1                    **
 **                                                                    **
 **             Advanced Engineering Analysis, Design and              **
 **        Optimization Software from Altair Engineering, Inc.         **
 **                                                                    **
 **                                                                    **
 **             Windows 10  (Build 9200)  LAPTOP-H5REUNLN              **
 **         4 CPU:  Intel(R) Core(TM) i5-7300HQ CPU @ 2.50GHz          **
 **                    2319 MB RAM,  15252 MB swap                     **
 **                        64bit Integer Build                         **
 **                                                                    **
 ** Build: 0972633_9633191_Ce64RBW68UH14M:162557-100  2004004000000004 **
 ************************************************************************
 **  COPYRIGHT (C) 1996-2019                 Altair Engineering, Inc.  **
 ** All Rights Reserved.  Copyright notice does not imply publication. **
 **         Contains trade secrets of Altair Engineering, Inc.         **
 ** Decompilation or disassembly of this software strictly prohibited. **
 ************************************************************************
 
  
 *** OptiStruct defaults set from:
   install config file: C:\Program Files\Altair\2019\/hwsolvers/optistruct.cfg.
  
  
 NOTE # 9199
 MSGLMT=STRICT is active, all messages will be printed.
 You can suppress some less important warning messages by use of
  MSGLMT=BRIEF or UNREF (in config file or in the input data).
  
 *** WARNING # 1284
 No SPC or SUPORT1 data specified for static SUBCASE 1.
 Make sure the model is constrained otherwise.
  
  
  
 *** WARNING: The amount of allocated memory exceeds available RAM - this
may cause significant slowing down of solution progress due to the swapping
out memory to the swap file. It is recommended to use out-of-core
solution to reduce memory requirements.
  
 

************************************************************************

OPTIMIZATION FILE AND PARAMETER INFORMATION :
---------------------------------------------

  FEM model file               : 
     C:/Users/raghe/Google Drive (s265776polito@gmail.com)/M2/Spring/Car Body Design & Aerodynamics/Car Body Design/Exercise/Exercise 2/CcLc/Hyp 4 forces/CcLc.fem
  Output files prefix          : 
     C:/Users/raghe/Google Drive (s265776polito@gmail.com)/M2/Spring/Car Body Design & Aerodynamics/Car Body Design/Exercise/Exercise 2/CcLc/Hyp 4 forces/CcLc
  Model read from files:
     C:/Users/raghe/Google Drive (s265776polito@gmail.com)/M2/Spring/Car Body Design & Aerodynamics/Car Body Design/Exercise/Exercise 2/CcLc/Hyp 4 forces/CcLc.fem

************************************************************************

 

************************************************************************

FINITE ELEMENT MODEL DATA INFORMATION :
---------------------------------------

  Total # of Grids (Structural)        :    173622
  Total # of Elements                  :    347268
  Total # of Rigid Elements            :         4
  Total # of Rigid Element Constraints :        24
  Total # of Degrees of Freedom        :   1041732
  (Structural)
  Total # of Non-zero Stiffness Terms  :  22398534

 
  Element Type Information
  ------------------------

   CTRIA3   Elements   :   347268     

  Load and Boundary Information
  -----------------------------

   FORCE Sets        :         1

  Material and Property Information
  ---------------------------------

   PSHELL Cards      :         1
   MAT1   Cards      :         1

************************************************************************

 

************************************************************************

OPTIMIZATION PROBLEM PARAMETERS :
---------------------------------

 NO DESIGN MATERIAL OR DESIGN VARIABLES FOUND  : ANALYSIS ONLY

   ------------------------
   Static Subcase Summary :
   ------------------------

   ----------   --------  -------  --------------------- 
   Subcase ID    SPC ID   LOAD ID  Preloading Subcase ID
   ----------   --------  -------  --------------------- 
        1            0          1
   ----------   --------  -------  --------------------- 

   Run Type                        :   Analysis Only (No design elements)
   Run at location                 : C:/Users/raghe/Google Drive (s265776polito@gmail.com)/M2/Spring/Car Body Design & Aerodynamics/Car Body Design/Exercise/Exercise 2/CcLc/Hyp 4 forces/
   Scratch file directory          : C:/Users/raghe/Google Drive (s265776polito@gmail.com)/M2/Spring/Car Body Design & Aerodynamics/Car Body Design/Exercise/Exercise 2/CcLc/Hyp 4 forces/
                                     Free space:   117.177 GB
   Number of CPU processors        :          1


************************************************************************

 

************************************************************************

MEMORY ESTIMATION INFORMATION :
-------------------------------

 Solver Type is:  Sparse-Matrix Solver
                  Direct Method
 
 Current Memory (RAM)                                    :    3702 MB
 Estimated Minimum Memory (RAM) for Out of Core Solution :     856 MB
 Recommended Memory (RAM) for Out of Core Solution       :     936 MB
 Recommended Memory (RAM) for In-Core Solution           :    3702 MB
 
DISK SPACE ESTIMATION INFORMATION :
-----------------------------------

 Estimated Disk Space for Output Data Files              :     136 MB
 Estimated Scratch Disk Space for In-Core Solution       :     746 MB
 Estimated Scratch Disk Space for Out of Core Solution   :    4362 MB

************************************************************************


BEGINNING ANALYSIS SOLUTION ....


************************************************************************

ANALYSIS RESULTS :
------------------

  
ITERATION   0
  
 Element # 24869, element type TRIA3.
 WARNING - Outside of recommended range: Vertex Angle =    13.870    
           lower limit =    15.000    
  
 Element # 24870, element type TRIA3.
 WARNING - Outside of recommended range: Vertex Angle =    13.870    
           lower limit =    15.000    
  
 Element # 24871, element type TRIA3.
 WARNING - Outside of recommended range: Vertex Angle =    13.241    
           lower limit =    15.000    

 NOTE : other similar error/warning messages were suppressed,
        use PARAM,CHECKEL,FULL to obtain full report


 Element Quality Check Summary
 -----------------------------
 Total # of elements that exceeded recommended range (warning) =   480
 Note: Only element with the highest violation of each check is listed below.

 Recommended range violations:
 ------------------------------------------------------------------------------
 Element     Property          # of     Recommended Range    Max.  Viol.  Elem.
                               Viol.     Lower     Upper    Value  type    No.
 ------- ------------------- -------- --------- --------- --------- --- -------
 TRIA3   Vertex Angle             480     15.00    165.00     10.99  L    31425
 
  
 *** INFORMATION # 3454
 MPC constraints for subcase 1 will be enforced 
 with lagrange multipliers.
  
 (Scratch disk space usage for starting iteration = 781 MB)
(Running in-core solution)

Volume                              =  4.34215E+06   Mass     =  0.00000E+00

 Subcase   Compliance     Epsilon
       1  5.687515E+03 -8.978277E-10

Note : Epsilon = Residual Strain Energy Ratio.


************************************************************************
  
 ANALYSIS COMPLETED.
  

************************************************************************

RESOURCE USAGE INFORMATION
--------------------------

 MAXIMUM MEMORY USED                                      3702 MB
   IN ADDITION     45 MB MEMORY WAS ALLOCATED FOR TEMPORARY USE
 MAXIMUM DISK SPACE USED                                  1265 MB

************************************************************************


************************************************************************

COMPUTE TIME INFORMATION
------------------------

 EXECUTION STARTED                         Mon May 18 17:04:24 2020    
 EXECUTION COMPLETED                       Mon May 18 17:05:15 2020    
 ELAPSED TIME                                         00:00:51
 CPU TIME                                             00:00:43

************************************************************************

  
                        ***** END OF REPORT *****
  
 For Useful OptiStruct Tips and Tricks, go to the URL:
 http://www.altairhyperworks.com/tips.aspx
