 ************************************************************************
 **                                                                    **
 **                                                                    **
 **                    Altair OptiStruct(TM) 2019.1                    **
 **                                                                    **
 **             Advanced Engineering Analysis, Design and              **
 **        Optimization Software from Altair Engineering, Inc.         **
 **                                                                    **
 **                                                                    **
 **             Windows 10  (Build 9200)  LAPTOP-H5REUNLN              **
 **         4 CPU:  Intel(R) Core(TM) i5-7300HQ CPU @ 2.50GHz          **
 **                    2680 MB RAM,  15515 MB swap                     **
 **                        64bit Integer Build                         **
 **                                                                    **
 ** Build: 0972633_9633191_Ce64RBW68UH14M:162557-100  2004004000000004 **
 ************************************************************************
 **  COPYRIGHT (C) 1996-2019                 Altair Engineering, Inc.  **
 ** All Rights Reserved.  Copyright notice does not imply publication. **
 **         Contains trade secrets of Altair Engineering, Inc.         **
 ** Decompilation or disassembly of this software strictly prohibited. **
 ************************************************************************
 
  
 *** OptiStruct defaults set from:
   install config file: C:\Program Files\Altair\2019\/hwsolvers/optistruct.cfg.
  
  
 NOTE # 9199
 MSGLMT=STRICT is active, all messages will be printed.
 You can suppress some less important warning messages by use of
  MSGLMT=BRIEF or UNREF (in config file or in the input data).
  
 *** WARNING # 1284
 No SPC or SUPORT1 data specified for static SUBCASE 1.
 Make sure the model is constrained otherwise.
  
  
 *** WARNING 1949: All    SPC bulk data are not referenced.
  
 *** ERROR # 772 ***
 It is invalid to use a free grid as an independent grid in RBE3 data.
 Free spiders are not allowed to be independent grids in RBE3 data.
                RBE3 id =   347289
           free grid id =   694626
    weighted components =      123
 You should remove this grid from the RBE3 data.
  
 *** ERROR # 772 ***
 It is invalid to use a free grid as an independent grid in RBE3 data.
 Free spiders are not allowed to be independent grids in RBE3 data.
                RBE3 id =   347290
           free grid id =   694630
    weighted components =      123
 You should remove this grid from the RBE3 data.
  
 *** ERROR # 772 ***
 It is invalid to use a free grid as an independent grid in RBE3 data.
 Free spiders are not allowed to be independent grids in RBE3 data.
                RBE3 id =   347291
           free grid id =   694636
    weighted components =      123
 You should remove this grid from the RBE3 data.
  
 *** ERROR # 772 ***
 It is invalid to use a free grid as an independent grid in RBE3 data.
 Free spiders are not allowed to be independent grids in RBE3 data.
                RBE3 id =   347292
           free grid id =   694642
    weighted components =      123
 You should remove this grid from the RBE3 data.
 

************************************************************************

OPTIMIZATION FILE AND PARAMETER INFORMATION :
---------------------------------------------

  FEM model file               : 
     C:/Users/raghe/Google Drive (s265776polito@gmail.com)/M2/Spring/Car Body Design & Aerodynamics/Car Body Design/Exercise/Exercise 2/CcLc/Hyp - 4F 2nd O/CcLc.fem
  Output files prefix          : 
     C:/Users/raghe/Google Drive (s265776polito@gmail.com)/M2/Spring/Car Body Design & Aerodynamics/Car Body Design/Exercise/Exercise 2/CcLc/Hyp - 4F 2nd O/CcLc
  Model read from files:
     C:/Users/raghe/Google Drive (s265776polito@gmail.com)/M2/Spring/Car Body Design & Aerodynamics/Car Body Design/Exercise/Exercise 2/CcLc/Hyp - 4F 2nd O/CcLc.fem

************************************************************************

 

************************************************************************

FINITE ELEMENT MODEL DATA INFORMATION :
---------------------------------------

  Total # of Grids (Structural)        :    694564
  Total # of Elements                  :    347284
  Total # of Rigid Elements            :         8
  Total # of Degrees of Freedom        :   4167372
  (Structural)

 
  Element Type Information
  ------------------------

   CTRIA6   Elements   :   347284     

  Load and Boundary Information
  -----------------------------

   FORCE Sets        :         1

  Material and Property Information
  ---------------------------------

   PSHELL Cards      :         1
   MAT1   Cards      :         1

************************************************************************

 

************************************************************************

 ***** ERROR ENCOUNTERED BEFORE COMPLETING THE CHECK RUN *****
 Current Memory (RAM)                                    :    1780 MB
 Estimated Minimum Memory (RAM) for the check run        :    2538 MB

************************************************************************

  
 This error occurs in module "prpdrv".

************************************************************************

RESOURCE USAGE INFORMATION
--------------------------

 MAXIMUM MEMORY USED                                      1780 MB
 MAXIMUM DISK SPACE USED                                     1 MB

************************************************************************


************************************************************************

COMPUTE TIME INFORMATION
------------------------

 EXECUTION STARTED                         Tue May 19 18:03:49 2020    
 EXECUTION COMPLETED                       Tue May 19 18:03:56 2020    
 ELAPSED TIME                                         00:00:07
 CPU TIME                                             00:00:06

************************************************************************

  
 
 *** PROGRAM STOPPED: FATAL ERROR(s) ENCOUNTERED.
 
                        ***** END OF REPORT *****
  
 For Useful OptiStruct Tips and Tricks, go to the URL:
 http://www.altairhyperworks.com/tips.aspx
  
************************************************************************
  
 There were 4 error messages during input processing.
  The first message is repeated below:
  
  *** ERROR # 772 ***
  It is invalid to use a free grid as an independent grid in RBE3 data.
  Free spiders are not allowed to be independent grids in RBE3 data.
                 RBE3 id =   347289
            free grid id =   694626
     weighted components =      123
  You should remove this grid from the RBE3 data.
  
 *** Run terminated because of error(s) in the input data.
  
  
  
************************************************************************
