 ************************************************************************
 **                                                                    **
 **                                                                    **
 **                    Altair OptiStruct(TM) 2019.1                    **
 **                                                                    **
 **             Advanced Engineering Analysis, Design and              **
 **        Optimization Software from Altair Engineering, Inc.         **
 **                                                                    **
 **                                                                    **
 **             Windows 10  (Build 9200)  LAPTOP-H5REUNLN              **
 **         4 CPU:  Intel(R) Core(TM) i5-7300HQ CPU @ 2.50GHz          **
 **                    2700 MB RAM,  15375 MB swap                     **
 **                        64bit Integer Build                         **
 **                                                                    **
 ** Build: 0972633_9633191_Ce64RBW68UH14M:162557-100  2004004000000004 **
 ************************************************************************
 **  COPYRIGHT (C) 1996-2019                 Altair Engineering, Inc.  **
 ** All Rights Reserved.  Copyright notice does not imply publication. **
 **         Contains trade secrets of Altair Engineering, Inc.         **
 ** Decompilation or disassembly of this software strictly prohibited. **
 ************************************************************************
 
  
 *** OptiStruct defaults set from:
   install config file: C:\Program Files\Altair\2019\/hwsolvers/optistruct.cfg.
  
  
 NOTE # 9199
 MSGLMT=STRICT is active, all messages will be printed.
 You can suppress some less important warning messages by use of
  MSGLMT=BRIEF or UNREF (in config file or in the input data).
  
  
  
 *** WARNING # 1528
 for material id = 1 referenced from property id = 1.
 Zero value of G calculated from E and Nu for MAT1 referenced from PSHELL MID3.
 This will be interpreted as no transverse shear deformation.


  Dependent degrees-of-freedom (DOF) swapped by activation of AUTOMSET
  --------------------------------------------------------------------
       No.         Original DOF                    New DOF
                 Grid ID    Component          Grid ID    Component
         1        152489            1           103235            1
         2        152489            3           103223            3
         3        152490            3           115698            3
         4        152488            3            51385            3
         5        152483            2           146258            2
         6        152483            3           146258            3
  --------------------------------------------------------------------


  
 *** WARNING: The amount of allocated memory exceeds available RAM - this
may cause significant slowing down of solution progress due to the swapping
out memory to the swap file. It is recommended to use out-of-core
solution to reduce memory requirements.
  
 

************************************************************************

OPTIMIZATION FILE AND PARAMETER INFORMATION :
---------------------------------------------

  FEM model file               : 
     C:/Users/raghe/Google Drive (s265776polito@gmail.com)/M2/Spring/Car Body Design & Aerodynamics/Car Body Design/Exercise/Exercise 2/CoLo/Hyp - 4F 1st/CoLoHYP.fem
  Output files prefix          : 
     C:/Users/raghe/Google Drive (s265776polito@gmail.com)/M2/Spring/Car Body Design & Aerodynamics/Car Body Design/Exercise/Exercise 2/CoLo/Hyp - 4F 1st/CoLoHYP
  Model read from files:
     C:/Users/raghe/Google Drive (s265776polito@gmail.com)/M2/Spring/Car Body Design & Aerodynamics/Car Body Design/Exercise/Exercise 2/CoLo/Hyp - 4F 1st/CoLoHYP.fem

************************************************************************

 

************************************************************************

FINITE ELEMENT MODEL DATA INFORMATION :
---------------------------------------

  Total # of Grids (Structural)        :    152486
  Total # of Elements                  :    304972
  Total # of Rigid Elements            :         8
  Total # of Rigid Element Constraints :        48
  Total # of Degrees of Freedom        :    914916
  (Structural)
  Total # of Non-zero Stiffness Terms  :  19670694

 
  Element Type Information
  ------------------------

   CTRIA3   Elements   :   304972     

  Load and Boundary Information
  -----------------------------

   FORCE Sets        :         1
   SPC   Sets        :         1

  Material and Property Information
  ---------------------------------

   PSHELL Cards      :         1
   MAT1   Cards      :         1

************************************************************************

 

************************************************************************

OPTIMIZATION PROBLEM PARAMETERS :
---------------------------------

 NO DESIGN MATERIAL OR DESIGN VARIABLES FOUND  : ANALYSIS ONLY

   ------------------------
   Static Subcase Summary :
   ------------------------

   ----------   --------  -------  --------------------- 
   Subcase ID    SPC ID   LOAD ID  Preloading Subcase ID
   ----------   --------  -------  --------------------- 
        1            2          1
   ----------   --------  -------  --------------------- 

   Run Type                        :   Analysis Only (No design elements)
   Run at location                 : C:/Users/raghe/Google Drive (s265776polito@gmail.com)/M2/Spring/Car Body Design & Aerodynamics/Car Body Design/Exercise/Exercise 2/CoLo/Hyp - 4F 1st/
   Scratch file directory          : C:/Users/raghe/Google Drive (s265776polito@gmail.com)/M2/Spring/Car Body Design & Aerodynamics/Car Body Design/Exercise/Exercise 2/CoLo/Hyp - 4F 1st/
                                     Free space:   124.468 GB
   Number of CPU processors        :          1


************************************************************************

 

************************************************************************

MEMORY ESTIMATION INFORMATION :
-------------------------------

 Solver Type is:  Sparse-Matrix Solver
                  Direct Method
 
 Current Memory (RAM)                                    :    3440 MB
 Estimated Minimum Memory (RAM) for Out of Core Solution :     763 MB
 Recommended Memory (RAM) for Out of Core Solution       :     835 MB
 Recommended Memory (RAM) for In-Core Solution           :    3440 MB
 
DISK SPACE ESTIMATION INFORMATION :
-----------------------------------

 Estimated Disk Space for Output Data Files              :     120 MB
 Estimated Scratch Disk Space for In-Core Solution       :     655 MB
 Estimated Scratch Disk Space for Out of Core Solution   :    4073 MB

************************************************************************


BEGINNING ANALYSIS SOLUTION ....


************************************************************************

ANALYSIS RESULTS :
------------------

  
ITERATION   0
  
 Element # 12476, element type TRIA3.
 WARNING - Outside of recommended range: Vertex Angle =    9.4625    
           lower limit =    15.000    
  
 Element # 24414, element type TRIA3.
 WARNING - Outside of recommended range: Vertex Angle =    9.4625    
           lower limit =    15.000    
  
 Element # 48588, element type TRIA3.
 WARNING - Outside of recommended range: Vertex Angle =    9.4625    
           lower limit =    15.000    

 NOTE : other similar error/warning messages were suppressed,
        use PARAM,CHECKEL,FULL to obtain full report


 Element Quality Check Summary
 -----------------------------
 Total # of elements that exceeded recommended range (warning) =  4008
 Note: Only element with the highest violation of each check is listed below.

 Recommended range violations:
 ------------------------------------------------------------------------------
 Element     Property          # of     Recommended Range    Max.  Viol.  Elem.
                               Viol.     Lower     Upper    Value  type    No.
 ------- ------------------- -------- --------- --------- --------- --- -------
 TRIA3   Vertex Angle            4008     15.00    165.00      9.46  L    60726
 
  
 *** INFORMATION # 3454
 MPC constraints for subcase 1 will be enforced 
 with lagrange multipliers.
  
 (Scratch disk space usage for starting iteration = 687 MB)
(Running in-core solution)

Volume                              =  3.77609E+06   Mass     =  0.00000E+00

 Subcase   Compliance     Epsilon
       1  5.003644E+03  8.098512E-08

Note : Epsilon = Residual Strain Energy Ratio.


************************************************************************
  
 ANALYSIS COMPLETED.
  

************************************************************************

RESOURCE USAGE INFORMATION
--------------------------

 MAXIMUM MEMORY USED                                      3440 MB
   IN ADDITION     40 MB MEMORY WAS ALLOCATED FOR TEMPORARY USE
 MAXIMUM DISK SPACE USED                                  1124 MB

************************************************************************


************************************************************************

COMPUTE TIME INFORMATION
------------------------

 EXECUTION STARTED                         Wed May 20 16:05:16 2020    
 EXECUTION COMPLETED                       Wed May 20 16:06:22 2020    
 ELAPSED TIME                                         00:01:05
 CPU TIME                                             00:00:47

************************************************************************

  
                        ***** END OF REPORT *****
  
 For Useful OptiStruct Tips and Tricks, go to the URL:
 http://www.altairhyperworks.com/tips.aspx
